2025-04-08 18:11:54.631745 - Received CBT.V508.FILE056.PDS from FILE056.XMI 
2025-04-08 18:11:54.635071 - Found $$$#DATE.txt (text/plain) in CBT.V508.FILE056.PDS, moved to PDS/$$$#DATE
2025-04-08 18:11:54.635831 - Found @FILE056.txt (text/plain) in CBT.V508.FILE056.PDS, moved to PDS/@FILE056
2025-04-08 18:11:54.636491 - Found SLSSCOMP.txt (text/plain) in CBT.V508.FILE056.PDS, moved to PDS/SLSSCOMP
2025-04-08 18:11:54.637127 - Found SLSSLOCS.txt (text/plain) in CBT.V508.FILE056.PDS, moved to PDS/SLSSLOCS
2025-04-08 18:11:54.637737 - Found SLSSPRNT.txt (text/plain) in CBT.V508.FILE056.PDS, moved to PDS/SLSSPRNT
2025-04-08 18:11:54.638345 - Found SLSSPRT1.txt (text/plain) in CBT.V508.FILE056.PDS, moved to PDS/SLSSPRT1
2025-04-08 18:11:54.638909 - Found SLSSXICS.txt (text/plain) in CBT.V508.FILE056.PDS, moved to PDS/SLSSXICS
2025-04-08 18:11:54.639557 - Found USRADD$.jcl (text/plain) in CBT.V508.FILE056.PDS, moved to PDS/USRADD$
2025-04-08 18:11:54.640153 - Found USRADD1.jcl (text/plain) in CBT.V508.FILE056.PDS, moved to PDS/USRADD1
2025-04-08 18:11:54.640695 - Found USRADD2.jcl (text/plain) in CBT.V508.FILE056.PDS, moved to PDS/USRADD2
2025-04-08 18:11:54.641316 - Found USRADD3.jcl (text/plain) in CBT.V508.FILE056.PDS, moved to PDS/USRADD3
2025-04-08 18:11:54.641924 - Found USRADD4.jcl (text/plain) in CBT.V508.FILE056.PDS, moved to PDS/USRADD4
2025-04-08 18:11:54.642425 - Found USRADD5.jcl (text/plain) in CBT.V508.FILE056.PDS, moved to PDS/USRADD5
2025-04-08 18:11:54.642978 - Found USRADD6.jcl (text/plain) in CBT.V508.FILE056.PDS, moved to PDS/USRADD6
2025-04-08 18:11:54.643499 - Found USRADD7.jcl (text/plain) in CBT.V508.FILE056.PDS, moved to PDS/USRADD7
2025-04-08 18:11:54.644112 - Found USRADD8.jcl (text/plain) in CBT.V508.FILE056.PDS, moved to PDS/USRADD8
2025-04-08 18:11:54.644634 - Found USRDEL$.jcl (text/plain) in CBT.V508.FILE056.PDS, moved to PDS/USRDEL$
2025-04-08 18:11:54.645170 - Found USRDEL1.jcl (text/plain) in CBT.V508.FILE056.PDS, moved to PDS/USRDEL1
2025-04-08 18:11:54.645670 - Found USRDEL2.jcl (text/plain) in CBT.V508.FILE056.PDS, moved to PDS/USRDEL2
2025-04-08 18:11:54.646155 - Found USRDEL3.jcl (text/plain) in CBT.V508.FILE056.PDS, moved to PDS/USRDEL3
2025-04-08 18:11:54.646754 - Found USRDEL4.jcl (text/plain) in CBT.V508.FILE056.PDS, moved to PDS/USRDEL4
2025-04-08 18:11:54.647342 - Found USRDEL5.jcl (text/plain) in CBT.V508.FILE056.PDS, moved to PDS/USRDEL5
2025-04-08 18:11:54.647844 - Found USRDEL6.jcl (text/plain) in CBT.V508.FILE056.PDS, moved to PDS/USRDEL6
2025-04-08 18:11:54.648358 - Found USRDEL7.jcl (text/plain) in CBT.V508.FILE056.PDS, moved to PDS/USRDEL7
2025-04-08 18:11:54.649015 - Found USRDEL8.jcl (text/plain) in CBT.V508.FILE056.PDS, moved to PDS/USRDEL8
2025-04-08 18:11:54.649687 - Found USRUPD$.jcl (text/plain) in CBT.V508.FILE056.PDS, moved to PDS/USRUPD$
2025-04-08 18:11:54.650419 - Found USRUPD1.jcl (text/plain) in CBT.V508.FILE056.PDS, moved to PDS/USRUPD1
2025-04-08 18:11:54.650982 - Found USRUPD2.jcl (text/plain) in CBT.V508.FILE056.PDS, moved to PDS/USRUPD2
2025-04-08 18:11:54.651523 - Found USRUPD3.jcl (text/plain) in CBT.V508.FILE056.PDS, moved to PDS/USRUPD3
2025-04-08 18:11:54.652057 - Found USRUPD4.jcl (text/plain) in CBT.V508.FILE056.PDS, moved to PDS/USRUPD4
2025-04-08 18:11:54.652629 - Found USRUPD5.jcl (text/plain) in CBT.V508.FILE056.PDS, moved to PDS/USRUPD5
2025-04-08 18:11:54.653106 - Found USRUPD6.jcl (text/plain) in CBT.V508.FILE056.PDS, moved to PDS/USRUPD6
2025-04-08 18:11:54.653632 - Found USRUPD7.jcl (text/plain) in CBT.V508.FILE056.PDS, moved to PDS/USRUPD7
2025-04-08 18:11:54.654162 - Found USRUPD8.jcl (text/plain) in CBT.V508.FILE056.PDS, moved to PDS/USRUPD8
